0
72045.3
72055.3
72082.3
72168.7
72216.4
72287.1
72378.9
72380.2
72392.2
72399.6
72400.9
72418.3
72421.7
72431.7
72457.4
72487.7
72510.7
72536.9
72539.2
72539.4
72572.3
72573.3
72574.3
72575.1
72579.5
72602.5
72661
72685.3
72694.5
72735.7
72736.9
72743.1
72747.6
72780.8
72781.2
72781.4
72797.1
72833.7
72834.2
72834.4
72838.3
72845.7
72847.6
72848.3
72853.3
72857
72908.6
72912.4
72920.9
72959.2
72970.7
72987.9
72995.5
72996.6
73007.5
73011.1
73019.6
73032.6
73071.8
73089.3
73090.9
73094.2
73109.7
73114.4
73120.4
73130.6
73131.8
73143.8
73180.8
73198.7
73206.5
73207.3
73215.6
73230.5
73241
73263
73265.5
73267.4
73271.5
73277.6
73290.4
73298.9
73303.8
73313.9
73315.1
73316.7
73316.9
73332.9
73334.9
73337.1
73354.1
73355.9
73375.3
73384
73425.6
73440.7
73502
73516.4
73517.4
73527.4
73534.7
73538.9
73540.9
73541.1
73581.4
73583.8
73592.5
73593.5
73598.7
73609.7
73612.4
73614
73627.1
73642.4
73689.5
73691.7
73700.7
73740.9
73751
73764.7
73767.9
73785.5
73787.3
73803.1
73805.2
73808.1
73815
73819.3
73826
73830.9
73847.4
73862
73873.9
73879.1
73898
73946.8
73950.6
73953.5
73960.6
73997.3
74022.5
74029
74043.4
74044.7
74046
74047.2
74051.3
74054.9
74058.9
74063.3
74068.4
74071
74071.6
74077.5
74080.1
74103.5
74116.4
74133.9
74141.3
74147.7
74165.5
74172.9
74178.1
74190.8
74198.8
74220.5
74245.6
74245.9
74267.9
74274.7
74293.4
74293.6
74304.4
74307.1
74311.8
74329.9
74331.5
74334.7
74335.2
74369.1
74385
74388.9
74392.8
74393.8
74424.5
74449.2
74452.6
74453.3
74462.2
74462.4
74464.1
74480.4
74510.4
74528.6
74541.7
74556.1
74567.1
74589.3
74604.7
74611.7
74630.2
74653.7
74658.4
74671.5
74682.1
74701.3
74704.8
74740.3
74773.2
74780.2
74800.7
74820.2
74827
74828.2
74838.8
74845.1
74866.1
74884.2
74885.7
74896.8
74913
74913.6
74934.9
74937.9
74938.3
75000.3
75034
75055.3
75077.2
75085.3
75086.9
75097.8
75110.6
75143.8
75148.8
75154.5
75162.9
75173
75173.6
75184.9
75186.8
75192.9
75194.9
75196.6
75196.9
75217.7
75219.5
75246.8
75249.5
75255.4
75258.9
75260.2
75276.8
75289.2
75315
75338.3
75339.8
75346
75346.8
75347.4
75357.8
75369.7
75387.6
75407.6
75409.4
75433.5
75453
75472.4
75472.7
75487.1
75520.1
75535.4
75558.7
75570.3
75581.2
75584.5
75606.8
75619.3
75625.2
75636.1
75643.4
75688.9
75693.4
75780
75810.3
75810.6
75816.6
75816.8
75838.9
75866.7
75891.5
75905.5
75915.4
75921.2
75926
75953.3
76017.6
76040
76092.2
76109.3
76126.6
76213.2
76259.8
76299.9
76327.8
76386.5
76473.3
76487.9
76523.5
76541.3
76557.1
76560
76597.1
76646.6
76733.3
76768.3
76819.9
76906.5
76909.8
76917
76993.2
77030.8
77079.8
77166.5
77253.1
77339.7
77358
77398.6
77426.4
77467.1
77513
77530.5
77536
77599.7
77674.4
77686.3
77706.8
77716.8
77770.2
77773
77859.6
77939.1
77946.2
78001.2
78032.9
78066.3
78078.4
78119.5
78122.8
78206.2
78292.8
78341
78379.4
78419
78466.1
78517.3
78552.7
78558.3
78632.3
78639.4
78726
78812.6
78899.3
78983.2
78985.9
79072.7
79088.5
79159.4
79246
79250.5
79325.1
79330.4
79332.7
79370.5
79419.3
79505.9
79587.7
79592.6
79641.6
79679.2
79694.7
79738.1
79765.9
79852.5
79939.1
80016
80025.8
80112.4
80151.2
80199.1
80236.7
80248.4
80285.7
80290.3
80372.3
80459
80545.6
80632.3
80662.6
80718.9
80729.3
80780.7
80805.6
80833.9
80892.2
80978.8
80994.2
81021.7
81065.5
81104.3
81152.1
81192.8
81198
81226.2
81238.8
81287
81325.4
81412
81412.9
81413.2
81498.7
81585.3
81672
81758.6
81845.2
81930.2
81931.9
82018.5
82046.9
82105.2
82144
82167.1
82189.7
82191.8
82278.5
82365.3
82446.7
82451.9
82503
82533.5
82538.5
82625.2
82706.4
82711.8
82798.5
82860.3
82860.5
82874.3
82885.1
82946.9
82971.7
83053.5
83058.4
83073.9
83137.5
83145
83148.3
83205.8
83231.7
83233.7
83318.3
83405
83491.6
83578.2
83652.7
83654
83664.9
83751.5
83782
83838.2
83924.8
83984.3
84011.4
84081.1
84098.1
84184.7
84212.5
84271.4
84301.9
84305.8
84322.6
84330.3
84358
84416.9
84439.6
84444.6
84462.3
84531.3
84556.5
84570.1
84617.9
84623.6
84704.6
84714.2
84791.2
84877.9
84964.8
84966.7
85051.5
85090.5
85138.3
85163.5
85224.9
85232.9
85278.5
85311.5
85398.2
85444.6
85484.8
85571.5
85658.1
85672.8
85695.7
85708.4
85744.7
85831.4
85866.4
85918
85921.3
85928.5
86004.7
86042.3
86051.1
86078
86091.3
86178
86196.2
86252.1
86264.6
86351.2
86427.3
86437.9
86509.3
86524.5
86611.2
86660.6
86685.7
86697.8
86715.3
86716.1
86784.4
86871.1
86901.6
86957.7
87012.6
87037.3
87044.4
87131
87217.8
87251.1
87304.6
87391.3
87391.8
87477.9
87507.8
87564.5
87584.7
87635.5
87651.2
87690.6
87737.8
87789.1
87821.8
87824.5
87902.2
87911.1
87978.5
87997.9
88084.5
88157.3
88163.9
88168.8
88171.3
88175.6
88186.9
88258.1
88280.7
88291.4
88305.7
88306.4
88344.8
88348.2
88382.5
88431.4
88512.8
88518.1
88566.9
88577
88577.6
88604.7
88636.8
88670.6
88691.4
88703.3
88730.1
88778
88815.6
88864.6
88951.3
89028.2
89037.9
89101.8
89124.6
89135
89169.7
89200.4
89211.2
89215.8
89273.7
89297.8
89313.5
89328.1
89384.5
89387.3
89471.1
89557.8
89596.6
89644.4
89711.7
89731
89810.5
89817.7
89862.8
89883.6
89904.3
89950.2
89952.5
89965.3
89989.8
89991.3
90031.6
90077.9
90078.5
90140.6
90151.7
90164.6
90223.4
90251.2
90337.9
90384.1
90424.5
90511.1
90595.7
90596.1
90597.8
90626.2
90684.4
90771.1
90822.3
90833
90857.7
90944.3
91031
91093.1
91112.7
91117.6
91179.5
91204.3
91290.9
91372.7
91377.6
91424.6
91439.4
91453.4
91464.2
91550.8
91632.5
91637.5
91640.9
91698.2
91724.1
91803.5
91810.8
91897.4
91971.8
91984
92070.7
92157.3
92187.9
92216.8
92227
92233.1
92244
92259.6
92323.3
92326.8
92330.6
92417.2
92503.9
92531.6
92534.4
92555.1
92590.5
92604.9
92649.4
92677.2
92723.3
92763.3
92763.8
92850.5
92908.2
92937.4
93024.1
93093.1
93110.7
93129.8
93150
93197.3
93237
93246
93284
93370.9
93379.1
93457.6
93459.4
93460.1
93492.8
93495.3
93541.2
93544.2
93548.3
93630.9
93684.6
93693.7
93711.9
93717.5
93729.3
93804.2
93889.8
93890.8
93899
93917.1
93977.6
94064.4
94122.7
94151.2
94237.8
94238
94324.8
94352.6
94372.9
94411.4
94485.4
94494.8
94498.1
94584.7
94671.4
94706.8
94758
94845
94885.3
94899.6
94931.8
94948.8
94961.8
94979.5
95018.6
95020.9
95097.5
95102.4
95105.2
95106.1
95155.8
95191.9
95196.8
95231.8
95270.9
95278.5
95365.1
95395.7
95451.8
95527.3
95538.4
95622.4
95625.1
95675.9
95682.8
95711.7
95745.5
95762.9
95798.4
95819.2
95877.9
95882.7
95885
95911.3
95967
95971.6
96058.3
96144.9
96149.5
96193.1
96221.3
96230.7
96231.6
96252.1
96318.2
96334.1
96404.8
96453.9
96491.5
96522.8
96529.5
96545.4
96578.1
96578.8
96634
96637
96664.8
96696.8
96713.8
96751.4
96764.3
96793.5
96838
96845.2
96913.6
96924.7
96997.8
97011.5
97036.3
97098.1
97098.6
97184.9
97195.2
97195.9
97271.6
97332.8
97358.2
97422.3
97444.9
97454.6
97479.7
97496.7
97531.5
97570.5
97580.7
97618.1
97704.8
97751.7
97758.2
97791.6
97821.7
97867.9
97878.4
97930.1
97953.5
97965
97979.6
98030.4
98033.1
98051.8
98063
98138.5
98222.2
98225.1
98225.6
98311.8
98326.9
98345.6
98354.3
98366.3
98398.4
98485
98571.7
98658.3
98745.1
98758.1
98819
98829.5
98831.8
98913.1
98918.4
98964.8
98993.4
99004.9
99005.1
99071
99091.7
99142.9
99178.3
99240.4
99265
99293.4
99351.6
99378.5
99394.6
99413.3
99438.3
99470.2
99500.2
99520
99524.9
99581
99611.5
99655.9
99660
99666.8
99698.2
99760
99784.8
99871.5
99873.8
99877.7
99893.3
99950.2
99958.1
99962.6
100005
100045
100089
100118
100131
100180
100200
100218
100236
100251
100279
100305
100314
100335
100364
100379
100391
100446
100478
100485
100548
100565
100577
100624
100652
100727
100733
100739
100754
100772
100826
100912
100920
100921
100942
100950
100955
100963
100971
100999
101028
101036
101061
101068
101079
101086
101154
101173
101259
101346
101360
101372
101403
101424
101433
101461
101470
101481
101517
101520
101535
101583
101606
101620
101627
101693
101695
101749
101780
101802
101829
101851
101866
101901
101918
101953
101956
102040
102065
102080
102127
102164
102214
102276
102280
102300
102387
102473
102528
102560
102600
102609
102644
102647
102716
102721
102733
102814
102818
102820
102835
102907
102993
103019
103067
103080
103100
103117
103128
103136
103166
103167
103218
103230
103253
103257
103271
103335
103340
103385
103426
103440
103446
103493
103513
103597
103600
103639
103643
103681
103686
103694
103728
103764
103773
103853
103860
103871
103894
103946
103977
103980
103991
104000
104030
104033
104105
104120
104186
104206
104226
104226
104251
104293
104340
104369
104380
104420
104459
104462
104464
104467
104477
104517
104553
104640
104656
104688
104716
104726
104813
104818
104900
104919
104964
104986
105073
105086
105160
105246
105262
105273
105297
105305
105330
105333
105353
105388
105420
105458
105506
105542
105544
105584
105588
105593
105628
105646
105680
105735
105766
105767
105781
105844
105853
105885
105940
106027
106037
106052
106104
106114
106200
106201
106204
106205
106217
106222
106232
106275
106287
106306
106348
106348
106374
106455
106460
106474
106475
106543
106547
106606
106610
106634
106634
106720
106748
106781
106807
106837
106894
106921
106981
107045
107046
107067
107068
107069
107115
107154
107185
107241
107241
107243
107327
107338
107365
107414
107415
107501
107515
107552
107587
107631
107674
107699
107705
107758
107760
107795
107803
107846
107847
107847
107864
107921
107923
107934
107963
107988
107995
108004
108017
108021
108028
108094
108108
108159
108164
108170
108189
108194
108199
108227
108240
108252
108256
108273
108274
108281
108342
108356
108367
108424
108454
108482
108516
108535
108541
108590
108627
108714
108757
108793
108801
108838
108887
108912
108950
108967
108968
108974
109035
109061
109068
109133
109147
109200
109223
109234
109280
109321
109331
109353
109404
109407
109432
109443
109482
109494
109502
109515
109580
109622
109638
109667
109716
109731
109754
109776
109784
109823
109839
109840
109854
109876
109880
109896
109927
109932
110014
110063
110073
110083
110100
110155
110171
110187
110208
110274
110339
110344
110360
110417
110436
110447
110519
110533
110598
110601
110620
110670
110707
110729
110737
110793
110803
110808
110815
110880
110892
110931
110939
110967
110990
111027
111053
111083
111107
111140
111197
111209
111222
111222
111227
111290
111299
111312
111313
111363
111382
111393
111400
111425
111487
111489
111573
111585
111660
111686
111697
111699
111747
111767
111833
111858
111917
111920
111950
111969
111997
112007
112093
112180
112195
112218
112267
112269
112280
112324
112353
112368
112392
112415
112440
112502
112503
112527
112548
112567
112614
112627
112631
112648
112663
112700
112701
112752
112759
112787
112814
112817
112874
112915
112950
112960
112961
112968
112998
113047
113111
113134
113220
113307
113312
113322
113339
113354
113394
113476
113480
113567
113608
113654
113728
113740
113766
113769
113790
113810
113816
113823
113827
113913
114000
114014
114021
114087
114173
114177
114260
114290
114320
114347
114433
114434
114458
114482
114520
114602
114607
114624
114641
114667
114683
114693
114780
114842
114867
114932
114953
114959
114988
115040
115101
115127
115157
115206
115213
115237
115246
115258
115300
115343
115369
115384
115387
115473
115473
115560
115619
115646
115689
115709
115733
115820
115906
115993
116080
116111
116164
116167
116253
116340
116388
116399
116427
116514
116516
116577
116580
116593
116600
116632
116649
116687
116690
116724
116774
116778
116790
116791
116831
116860
116865
116909
116931
116947
116974
116984
117012
117026
117031
117034
117092
117121
117151
117207
117227
117254
117294
117308
117371
117381
117468
117475
117494
117554
117562
117589
117594
117641
117727
117731
117779
117814
117901
117952
117979
117987
118074
118144
118161
118222
118247
118252
118334
118360
118386
118389
118421
118465
118507
118522
118525
118582
118594
118648
118655
118656
118681
118726
118737
118742
118746
118748
118757
118767
118854
118917
118937
118940
118995
119013
119027
119114
119165
119178
119201
119207
119268
119284
119287
119288
119336
119374
119401
119425
119450
119459
119461
119491
119547
119549
119551
119570
119595
119621
119634
119682
119721
119807
119894
119917
119925
119925
119981
120067
120072
120135
120154
120241
120256
120297
120327
120342
120414
120501
120587
120596
120600
120626
120674
120761
120795
120803
120812
120820
120822
120847
120909
120934
121008
121021
121107
121194
121226
121281
121329
121346
121367
121442
121454
121491
121500
121536
121540
121565
121566
121609
121627
121664
121680
121712
121714
121778
121797
121801
121862
121888
121891
121919
121926
121963
121974
122037
122061
122064
122090
122143
122147
122225
122234
122299
122321
122326
122350
122369
122383
122407
122487
122494
122505
122531
122581
122667
122699
122710
122754
122804
122816
122825
122841
122927
123000
123014
123055
123075
123100
123187
123244
123260
123274
123278
123360
123377
123394
123437
123441
123447
123477
123534
123544
123551
123598
123615
123620
123621
123640
123707
123794
123799
123850
123880
123884
123911
123938
123950
123966
123967
123975
124039
124054
124140
124206
124227
124277
124287
124314
124318
124400
124432
124481
124487
124517
124530
124535
124545
124574
124661
124705
124715
124747
124766
124834
124838
124896
124921
124922
124970
125007
125083
125094
125181
125186
125209
125211
125267
125326
125346
125354
125431
125441
125501
125525
125527
125607
125614
125620
125675
125683
125701
125728
125787
125809
125821
125856
125857
125874
125904
125960
126047
126134
126192
126192
126202
126206
126220
126267
126307
126381
126387
126387
126394
126480
126567
126605
126633
126653
126654
126728
126740
126770
126801
126827
126909
126914
127000
127076
127087
127131
127173
127260
127268
127347
127406
127433
127520
127607
127693
127704
127780
127795
127813
127867
127928
127953
128040
128126
128129
128162
128213
128229
128300
128359
128379
128386
128400
128423
128437
128440
128473
128560
128642
128646
128677
128699
128713
128733
128820
128836
128857
128904
128907
128993
129080
129109
129112
129167
129199
129253
129295
129321
129340
129340
129385
129397
129427
129442
129454
129459
129473
129474
129513
129518
129570
129596
129600
129626
129680
129687
129696
129702
129714
129774
129818
129849
129860
129947
129963
129977
129977
130004
130034
130037
130076
130108
130121
130207
130254
130266
130294
130333
130350
130380
130393
130442
130467
130554
130629
130640
130642
130658
130675
130678
130691
130727
130789
130792
130804
130814
130900
130906
130987
131074
131118
131153
131158
131160
131174
131242
131247
131331
131334
131338
131398
131420
131440
131498
131503
131507
131537
131561
131591
131594
131674
131680
131767
131854
131865
131873
131940
131940
131945
132019
132027
132075
132089
132114
132167
132200
132287
132340
132342
132374
132444
132460
132547
132598
132604
132634
132636
132652
132659
132664
132680
132683
132720
132755
132794
132807
132811
132864
132875
132894
132904
132911
132913
132980
132998
133029
133035
133067
133082
133096
133154
133171
133181
133191
133203
133241
133278
133315
133320
133327
133414
133417
133464
133501
133572
133573
133587
133628
133645
133674
133720
133745
133761
133848
133878
133886
133901
133912
133935
133940
133962
133967
134021
134031
134051
134061
134108
134124
134138
134195
134220
134272
134281
134286
134291
134324
134332
134368
134455
134467
134474
134475
134505
134539
134541
134614
134628
134714
134724
134733
134761
134801
134840
134888
134920
134962
134965
134974
135061
135140
135148
135209
135221
135234
135321
135351
135369
135408
135465
135469
135491
135494
135540
135581
135584
135668
135754
135762
135783
135841
135867
135927
136014
136044
136077
136101
136187
136203
136237
136239
136274
136361
136447
136534
136558
136596
136621
136708
136708
136794
136809
136842
136845
136881
136968
137041
137054
137139
137141
137228
137259
137265
137314
137367
137401
137406
137438
137469
137486
137488
137502
137570
137574
137613
137661
137695
137748
137835
137852
137910
137921
137983
138008
138095
138129
138130
138164
138181
138196
138219
138268
138342
138355
138367
138387
138441
138481
138528
138574
138587
138596
138610
138614
138701
138724
138788
138837
138874
138947
138961
138985
138988
139048
139052
139080
139109
139134
139204
139221
139308
139394
139398
139458
139458
139481
139555
139568
139573
139630
139654
139692
139741
139766
139802
139829
139862
139904
139906
139915
139968
139970
139975
139976
139987
140002
140005
140040
140088
140121
140175
140260
140262
140285
140297
140302
140349
140360
140367
140422
140431
140435
140522
140575
140608
140656
140695
140782
140816
140866
140869
140956
141024
141042
141050
141075
141129
141188
141216
141228
141302
141353
141389
141476
141499
141506
141562
141582
141619
141649
141652
141708
141736
141770
141793
141822
141909
141996
142031
142073
142082
142113
142133
142164
142169
142176
142255
142286
142342
142380
142399
142429
142516
142571
142576
142577
142594
142602
142626
142629
142631
142653
142689
142693
142694
142776
142799
142805
142833
142862
142868
142921
142949
142955
142979
143036
143122
143139
143170
143209
143239
143295
143382
143469
143475
143496
143498
143555
143588
143591
143642
143729
143756
143810
143815
143849
143852
143899
143902
143930
143971
143989
144060
144063
144073
144075
144077
144080
144098
144153
144162
144200
144249
144328
144336
144373
144388
144423
144483
144510
144559
144597
144626
144634
144683
144699
144712
144757
144770
144818
144856
144866
144943
144981
145030
145117
145156
145176
145203
145290
145377
145410
145414
145463
145478
145550
145575
145637
145637
145695
145718
145723
145741
145777
145810
145845
145868
145896
145983
146064
146070
146148
146156
146215
146243
146330
146343
146360
146367
146402
146416
146427
146465
146500
146503
146534
146534
146565
146582
146590
146639
146642
146677
146764
146850
146887
146921
146937
146949
146966
147003
147023
147056
147072
147095
147110
147144
147153
147172
147179
147197
147243
147250
147262
147283
147297
147370
147375
147396
147457
147463
147510
147531
147539
147543
147572
147590
147620
147630
147654
147683
147705
147717
147718
147782
147804
147890
147894
147977
147982
148063
148081
148093
148107
148150
148168
148214
148237
148252
148253
148323
148392
148410
148430
148468
148497
148583
148653
148670
148712
148745
148757
148794
148843
148930
149017
149020
149078
149103
149110
149190
149209
149276
149363
149368
149437
149450
149522
149536
149549
149567
149617
149621
149623
149710
149712
149796
149805
149812
149883
149970
150045
150057
150087
150135
150139
150140
150143
150161
150175
150230
150297
150306
150316
150375
150398
150403
150490
150518
150539
150576
150625
150663
150693
150750
150768
150828
150836
150862
150923
151010
151052
151096
151098
151149
151183
151270
151356
151389
151405
151443
151520
151530
151540
151593
151617
151698
151703
151790
151851
151877
151963
151969
151993
152050
152137
152224
152261
152310
152326
152349
152359
152397
152446
152456
152483
152499
152570
152589
152640
152657
152732
152743
152779
152790
152830
152843
152889
152899
152917
152955
153003
153049
153079
153090
153116
153125
153128
153177
153263
153350
153437
153523
153610
153696
153708
153767
153783
153792
153821
153870
153883
153956
154024
154030
154043
154125
154130
154178
154216
154224
154264
154303
154390
154466
154476
154563
154576
154650
154654
154680
154736
154748
154759
154785
154823
154862
154909
154996
155001
155083
155119
155156
155159
155169
155202
155244
155256
155314
155317
155343
155343
155429
155475
155497
155516
155603
155690
155751
155773
155776
155855
155863
155950
156026
156028
156037
156038
156123
156168
156210
156297
156326
156383
156449
156470
156486
156532
156557
156582
156644
156644
156647
156688
156692
156694
156696
156730
156781
156817
156861
156903
156904
156917
156949
156949
156982
156990
157002
157047
157061
157077
157114
157150
157163
157195
157211
157250
157313
157319
157337
157362
157405
157413
157423
157438
157462
157497
157510
157597
157664
157683
157725
157726
157770
157779
157820
157857
157943
158016
158030
158079
158083
158117
158147
158203
158227
158238
158290
158377
158463
158496
158550
158551
158563
158564
158576
158597
158637
158718
158723
158795
158810
158869
158897
158916
158933
158951
158984
158999
159009
159042
159069
159070
159109
159135
159154
159157
159211
159243
159247
159325
159330
159344
159382
159417
159419
159424
159456
159472
159481
159483
159504
159526
159554
159565
159566
159590
159677
159692
159764
159851
159881
159886
159917
159937
159982
160024
160061
160111
160197
160215
160254
160284
160334
160338
160371
160393
160430
160458
160511
160544
160555
160582
160631
160705
160717
160723
160804
160830
160861
160891
160978
161060
161065
161065
161095
161148
161151
161179
161213
161221
161238
161290
161325
161373
161411
161431
161469
161476
161497
161498
161585
161671
161697
161702
161758
161834
161844
161848
161903
161915
161921
161931
161965
161969
162018
162089
162093
162104
162151
162191
162225
162274
162278
162292
162314
162340
162357
162364
162395
162440
162451
162509
162538
162621
162624
162706
162711
162774
162798
162884
162925
162971
163011
163048
163058
163144
163198
163231
163283
163318
163404
163491
163575
163578
163610
163616
163627
163664
163698
163723
163741
163751
163756
163789
163838
163873
163924
163972
163983
164011
164041
164077
164097
164137
164184
164271
164273
164319
164357
164444
164473
164531
164539
164558
164563
164617
164645
164693
164704
164712
164737
164781
164791
164815
164857
164859
164877
164918
164964
165027
165050
165137
165224
165227
165311
165397
165419
165469
165484
165571
165630
165632
165633
165657
165667
165706
165744
165822
165831
165917
165925
165954
165956
166004
166085
166091
166177
166179
166260
166264
166351
166377
166420
166426
166438
166439
166486
166524
166611
166679
166698
166712
166731
166737
166784
166786
166871
166910
166911
166958
167041
167045
167054
167132
167202
167218
167293
167305
167320
167355
167392
167430
167478
167507
167516
167565
167569
167652
167738
167748
167755
167791
167795
167822
167825
167838
167862
167899
167912
167948
167971
167992
167998
168066
168085
168130
168172
168258
168300
168345
168431
168453
168518
168545
168566
168605
168689
168691
168705
168777
168778
168808
168811
168860
168865
168885
168951
168979
169038
169123
169125
169210
169211
169298
169300
169324
169385
169391
169465
169471
169558
169567
169645
169719
169731
169814
169818
169905
169992
169994
170079
170125
170166
170226
170246
170252
170335
170339
170344
170426
170454
170513
170601
170614
170687
170724
170765
170774
170789
170802
170807
170853
170861
170865
170947
171034
171047
171090
171121
171167
171208
171220
171269
171294
171381
171468
171479
171529
171554
171618
171641
171672
171672
171728
171730
171782
171812
171814
171842
171875
171901
171984
171988
172000
172074
172087
172140
172161
172181
172247
172248
172335
172397
172421
172424
172472
172481
172508
172559
172571
172587
172595
172681
172768
172819
172855
172942
173000
173028
173050
173115
173202
173216
173288
173308
173375
173385
173462
173499
173524
173548
173555
173567
173587
173635
173677
173722
173808
173822
173830
173857
173867
173895
173981
173988
174025
174050
174067
174068
174076
174085
174122
174155
174241
174257
174273
174281
174289
174306
174328
174379
174415
174447
174490
174499
174501
174506
174523
174536
174588
174614
174675
174746
174762
174791
174849
174858
174908
174925
174935
174945
174975
174984
175022
175109
175168
175195
175225
175226
175282
175290
175306
175369
175449
175455
175456
175474
175542
175616
175628
175684
175715
175719
175738
175802
175888
175949
175975
176006
176062
176136
176148
176225
176233
176235
176248
176274
176289
176322
176343
176345
176371
176394
176408
176444
176485
176495
176552
176582
176586
176595
176612
176630
176668
176717
176736
176755
176786
176788
176842
176929
176992
177016
177077
177102
177130
177157
177189
177276
177285
177337
177357
177363
177391
177392
177449
177500
177527
177531
177536
177585
177623
177709
177796
177873
177882
177895
177907
177966
177969
177970
177981
178056
178110
178143
178152
178154
178206
178226
178230
178234
178280
178315
178316
178367
178403
178415
178436
178490
178500
178528
178544
178576
178658
178663
178688
178739
178749
178767
178824
178836
178867
178923
178960
178979
179010
179070
179071
179096
179123
179134
179148
179183
179201
179270
179279
179280
179292
179332
179356
179383
179407
179443
179511
179530
179617
179638
179703
179721
179784
179790
179852
179877
179920
179926
179963
180021
180050
180055
180109
180137
180193
180223
180279
180292
180310
180325
180397
180404
180451
180483
180521
180535
180570
180602
180657
180701
180733
180743
180805
180830
180913
180916
181003
181017
181050
181085
181090
181143
181176
181215
181234
181263
181263
181300
181340
181350
181390
181410
181436
181440
181468
181500
181523
181610
181610
181671
181674
181697
181736
181768
181780
181783
181851
181870
181925
181936
181957
182018
182033
182043
182064
182129
182130
182134
182162
182192
182206
182217
182237
182304
182366
182391
182412
182452
182477
182503
182515
182564
182651
182670
182681
182716
182738
182763
182824
182911
182929
182997
183023
183057
183084
183087
183171
183258
183289
183308
183332
183344
183373
183431
183518
183548
183598
183605
183663
183691
183722
183738
183776
183778
183820
183860
183865
183951
183970
184038
184089
184125
184186
184211
184298
184381
184385
184471
184558
184561
184617
184644
184645
184667
184677
184731
184789
184818
184896
184897
184905
184991
185048
185078
185108
185124
185151
185165
185166
185203
185251
185338
185425
185435
185486
185512
185566
185599
185635
185685
185772
185772
185859
185910
185929
185946
185949
185975
185990
186020
186032
186036
186119
186131
186167
186189
186206
186210
186220
186226
186231
186292
186379
186413
186446
186456
186466
186470
186488
186498
186552
186581
186591
186639
186654
186675
186726
186745
186812
186861
186864
186899
186929
186986
187072
187103
187155
187159
187180
187246
187249
187275
187332
187402
187419
187421
187506
187563
187592
187668
187679
187708
187725
187753
187755
187766
187774
187793
187852
187886
187939
187967
187967
188021
188026
188047
188060
188074
188113
188151
188199
188244
188286
188310
188373
188423
188459
188463
188521
188537
188546
188549
188559
188633
188634
188720
188748
188806
188808
188893
188932
188980
189014
189019
189061
189066
189131
189140
189153
189170
189225
189240
189309
189327
189374
189413
189472
189500
189580
189587
189640
189673
189709
189725
189760
189780
189847
189860
189933
190020
190022
190069
190107
190108
190139
190181
190193
190280
190320
190364
190367
190393
190442
190453
190466
190491
190533
190539
190540
190627
190714
190801
190801
190887
190974
191048
191061
191065
191068
191075
191148
191224
191234
191295
191310
191312
191321
191338
191380
191408
191435
191495
191581
191668
191755
191841
191887
191928
192014
192028
192094
192101
192121
192188
192275
192301
192307
192361
192421
192448
192449
192494
192495
192535
192596
192622
192709
192767
192782
192796
192831
192848
192877
192883
192903
192969
193007
193023
193056
193117
193138
193143
193158
193208
193222
193229
193239
193258
193316
193336
193403
193489
193507
193520
193569
193576
193634
193663
193739
193749
193836
193861
193870
193886
193923
194009
194013
194072
194096
194138
194182
194216
194242
194269
194284
194325
194356
194361
194443
194529
194529
194530
194570
194576
194616
194666
194703
194790
194813
194816
194820
194837
194876
194928
194963
195040
195050
195069
195108
195134
195136
195156
195162
195171
195223
195286
195294
195310
195397
195478
195484
195539
195570
195579
195587
195621
195624
195649
195657
195683
195705
195744
195750
195771
195781
195804
195830
195838
195881
195917
195956
196004
196016
196034
196041
196090
196170
196177
196206
196263
196295
196350
196379
196432
196437
196467
196519
196523
196558
196560
196591
196610
196657
196697
196734
196783
196787
196849
196853
196870
196957
197010
197043
197130
197217
197255
197258
197303
197319
197346
197390
197477
197563
197586
197610
197650
197737
197759
197818
197824
197910
197936
197989
197997
198027
198084
198170
198190
198196
198210
198245
198249
198257
198332
198344
198430
198517
198565
198587
198604
198660
198677
198690
198698
198777
198788
198864
198870
198900
198950
198959
199037
199103
199109
199110
199110
199124
199158
199186
199210
199217
199297
199306
199375
199383
199470
199523
199534
199557
199641
199643
199730
199746
199817
199903
199941
199990
200077
200107
200126
200126
200129
200163
200240
200250
200337
200347
200424
200463
200510
200515
200542
200558
200597
200627
200628
200683
200741
200770
200772
200857
200870
200920
200943
201030
201117
201182
201203
201214
201227
201290
201342
201352
201365
201377
201464
201493
201529
201550
201601
201637
201667
201724
201754
201762
201772
201785
201811
201897
201930
201952
201960
201979
201984
201985
202033
202071
202077
202108
202157
202244
202290
202331
202417
202429
202494
202504
202555
202591
202642
202675
202677
202695
202764
202850
202890
202937
202951
203019
203024
203110
203129
203170
203197
203284
203307
203321
203339
203370
203386
203408
203424
203457
203488
203544
203555
203563
203630
203665
203668
203717
203768
203803
203807
203835
203838
203890
203899
203977
204039
204053
204063
204070
204150
204212
204237
204299
204323
204410
204478
204497
204583
204645
204670
204742
204757
204790
204844
204902
204903
204926
204930
204989
205017
205066
205087
205104
205137
205190
205215
205243
205272
205277
205364
205376
205397
205450
205514
205537
205624
205710
205797
205835
205839
205884
205899
205970
206015
206057
206089
206121
206144
206226
206230
206317
206330
206351
206404
206490
206577
206580
206638
206664
206723
206750
206837
206870
206924
206985
206994
207010
207097
207123
207184
207218
207271
207357
207408
207411
207444
207478
207501
207514
207531
207535
207591
207607
207617
207645
207704
207754
207791
207798
207850
207867
207877
207900
207903
207957
207964
208012
208026
208031
208051
208137
208224
208310
208336
208337
208346
208397
208484
208570
208574
208578
208650
208657
208662
208676
208727
208735
208744
208765
208830
208869
208903
208917
208969
208973
209004
209081
209090
209091
209150
209177
209208
209264
209351
209438
209445
209483
209525
209555
209611
209656
209693
209698
209701
209755
209774
209785
209816
209846
209861
209871
209958
210045
210054
210131
210149
210218
210218
210275
210280
210305
210329
210338
210345
210386
210386
210391
210449
210478
210517
210565
210635
210651
210683
210738
210825
210877
210911
210998
211085
211171
211258
211281
211306
211345
211431
211461
211509
211518
211605
211618
211663
211680
211691
211696
211737
211764
211778
211824
211865
211870
211951
211956
212038
212102
212125
212139
212208
212211
212220
212298
212338
212385
212398
212462
212462
212471
212487
212504
212558
212563
212607
212645
212694
212718
212731
212818
212905
212914
212935
212991
213078
213125
213138
213165
213234
213251
213277
213327
213338
213425
213438
213471
213499
213511
213598
213635
213684
213771
213858
213885
213898
213912
213934
213944
214031
214037
214038
214063
214100
214118
214204
214291
214378
214424
214458
214465
214495
214538
214552
214612
214615
214638
214691
214718
214725
214812
214898
214914
214916
214948
214985
215000
215072
215101
215146
215147
215158
215197
215201
215245
215332
215418
215444
215505
215526
215584
215592
215640
215679
215711
215765
215810
215852
215939
215956
215990
216014
216025
216084
216112
216162
216199
216225
216285
216290
216372
216386
216459
216461
216468
216502
216508
216520
216534
216545
216574
216632
216719
216766
216805
216828
216857
216892
216908
216979
216984
216997
217009
217035
217065
217083
217152
217191
217239
217252
217325
217327
217339
217395
217400
217412
217413
217498
217585
217672
217680
217716
217758
217790
217845
217900
217919
217932
217980
217989
218019
218052
218094
218105
218190
218192
218279
218365
218398
218412
218452
218498
218539
218565
218625
218646
218652
218704
218712
218746
218799
218886
218963
218969
218972
219048
219059
219062
219145
219196
219232
219250
219319
219405
219429
219492
219575
219579
219584
219661
219665
219719
219752
219781
219814
219839
219926
219959
219995
220005
220012
220094
220099
220186
220272
220329
220359
220446
220476
220501
220529
220533
220619
220642
220681
220706
220708
220715
220738
220788
220790
220793
220842
220854
220880
220966
221053
221068
221139
221173
221188
221226
221313
221343
221400
221438
221486
221573
221588
221610
221659
221675
221691
221746
221749
221833
221919
222006
222027
222093
222115
222133
222179
222205
222266
222286
222329
222353
222440
222526
222613
222699
222786
222837
222866
222873
222930
222959
223017
223046
223095
223133
223168
223219
223268
223306
223334
223342
223393
223402
223479
223515
223523
223533
223566
223653
223675
223690
223691
223717
223740
223827
223827
223850
223914
223923
223942
223972
224000
224039
224087
224174
224260
224273
224323
224347
224434
224442
224521
224602
224607
224646
224660
224663
224694
224694
224781
224793
224867
224937
224954
225005
225041
225056
225066
225128
225149
225214
225266
225301
225327
225350
225379
225388
225398
225475
225531
225542
225549
225561
225648
225729
225735
225821
225851
225908
225994
226043
226081
226123
226160
226160
226168
226176
226183
226254
226341
226403
226407
226428
226458
226514
226576
226601
226631
226688
226726
226726
226775
226850
226861
226919
226948
226975
227035
227050
227065
227083
227121
227208
227295
227327
227369
227381
227391
227458
227468
227555
227602
227641
227728
227730
227815
227822
227885
227902
227988
228075
228162
228172
228207
228248
228335
228422
228501
228502
228508
228595
228625
228639
228657
228682
228745
228748
228768
228794
228855
228863
228874
228906
228942
228943
228997
229004
229005
229028
229067
229085
229093
229115
229163
229190
229202
229249
229262
229286
229289
229375
229462
229549
229550
229635
229722
229762
229809
229858
229896
229947
229982
229987
230050
230069
230120
230155
230201
230207
230234
230240
230242
230281
230329
230347
230416
230422
230502
230541
230545
230564
230589
230658
230676
230713
230741
230762
230784
230849
230912
230936
231022
231032
231039
231053
231081
231109
231147
231169
231196
231282
231308
231369
231428
231433
231456
231468
231542
231629
231716
231765
231778
231802
231889
231976
232007
232062
232098
232124
232136
232149
232217
232236
232241
232247
232295
232298
232298
232322
232350
232409
232461
232468
232496
232555
232582
232596
232669
232691
232756
232842
232892
232929
233014
233016
233103
233190
233207
233228
233238
233252
233271
233276
233310
233322
233352
233363
233366
233375
233450
233482
233498
233506
233536
233623
233710
233796
233809
233883
233942
233969
234007
234023
234056
234070
234093
234139
234143
234187
234230
234231
234316
234342
234378
234403
234414
234490
234576
234613
234663
234682
234750
234831
234836
234902
234923
234936
234948
234966
234981
235009
235035
235096
235141
235183
235269
235356
235381
235433
235443
235529
235609
235616
235703
235790
235870
235873
235877
235887
235901
235906
235951
235963
236023
236029
236050
236087
236137
236223
236262
236310
236349
236397
236483
236488
236570
236656
236723
236743
236830
236876
236916
236972
236976
237003
237090
237122
237176
237263
237292
237313
237350
237371
237373
237380
237436
237485
237523
237526
237610
237672
237692
237696
237723
237783
237832
237870
237905
237950
237956
237960
238043
238073
238105
238119
238130
238148
238216
238303
238390
238394
238476
238563
238640
238645
238650
238731
238737
238777
238790
238798
238823
238862
238910
238997
239034
239048
239084
239091
239140
239157
239158
239170
239257
239302
239343
239402
239430
239517
239564
239603
239690
239720
239766
239777
239781
239863
239885
239919
239945
239947
239950
239951
239998
240037
240124
240132
240155
240187
240210
240272
240285
240297
240383
240406
240437
240470
240557
240643
240730
240789
240817
240822
240904
240933
240990
241077
241082
241086
241109
241164
241251
241281
241320
241337
241358
241424
241429
241499
241510
241580
241585
241597
241684
241733
241770
241778
241798
241857
241944
241977
242030
242037
242056
242117
242154
242204
242272
242291
242348
242377
242464
242514
242550
242580
242597
242637
242724
242810
242869
242897
242984
243032
243046
243070
243157
243159
243244
243273
243331
243417
243456
243476
243504
243591
243677
243696
243764
243785
243839
243851
243900
243937
243967
244024
244079
244111
244162
244197
244256
244280
244284
244371
244457
244489
244527
244544
244544
244590
244631
244663
244717
244719
244791
244804
244841
244891
244941
244977
245053
245064
245081
245151
245237
245268
245310
245324
245363
245411
245450
245480
245497
245549
245570
245584
245612
245651
245671
245676
245704
245706
245757
245844
245863
245931
245940
245953
246018
246103
246104
246188
246191
246278
246278
246308
246327
246365
246372
246414
246451
246456
246472
246510
246538
246615
246625
246656
246711
246716
246748
246798
246815
246885
246971
246987
247058
247065
247085
247091
247105
247145
247220
247232
247258
247290
247318
247328
247349
247405
247466
247492
247578
247613
247652
247665
247700
247752
247761
247811
247838
247925
247944
247946
248012
248052
248090
248099
248121
248185
248247
248267
248272
248359
248428
248445
248498
248511
248532
248549
248618
248705
248792
248830
248878
248965
248995
249052
249138
249225
249287
249312
249315
249398
249485
249571
249658
249672
249745
249831
249918
249931
250005
250025
250053
250067
250081
250092
250113
250130
250136
250178
250211
250228
250265
250295
250310
250352
250438
250443
250525
250602
250612
250698
250741
250785
250788
250867
250872
250958
250973
250998
251045
251132
251149
251152
251218
251298
251305
251356
251392
251425
251478
251519
251535
251565
251652
251738
251808
251825
251877
251911
251940
251998
252085
252171
252175
252192
252254
252258
252297
252335
252345
252431
252518
252605
252691
252778
252807
252865
252952
253038
253060
253123
253125
253212
253264
253298
253308
253385
253472
253558
253598
253645
253646
253685
253732
253818
253827
253905
253992
254019
254078
254140
254165
254187
254252
254277
254281
254339
254365
254425
254435
254465
254512
254561
254563
254592
254599
254641
254650
254685
254751
254765
254772
254859
254946
254970
255032
255077
255107
255119
255168
255187
255204
255205
255292
255374
255379
255465
255527
255531
255552
255639
255692
255725
255770
255812
255814
255851
255899
255928
255985
256025
256065
256072
256159
256245
256332
256372
256419
256455
256506
256593
256679
256715
256727
256766
256770
256853
256865
256939
256966
256969
257026
257074
257097
257113
257143
257199
257286
257332
257350
257373
257460
257546
257633
257719
257750
257781
257806
257872
257893
257906
257914
257979
258066
258153
258183
258191
258239
258309
258326
258374
258413
258500
258548
258586
258673
258699
258755
258760
258846
258933
259019
259050
259106
259193
259227
259279
259366
259453
259504
259539
259596
259626
259713
259758
259799
259809
259886
259972
260007
260011
260059
260121
260143
260146
260232
260270
260312
260319
260357
260395
260406
260427
260454
260492
260518
260535
260579
260589
260637
260666
260695
260724
260752
260811
260815
260826
260839
260876
260926
261012
261038
261074
261099
261112
261186
261273
261359
261421
261446
261533
261595
261619
261706
261792
261855
261859
261879
261966
262052
262098
262139
262154
262178
262226
262312
262399
262448
262486
262495
262573
262654
262659
262701
262720
262740
262746
262785
262832
262919
263006
263068
263081
263092
263134
263179
263266
263303
263314
263352
263376
263439
263486
263526
263560
263589
263592
263613
263644
263645
263699
263721
263737
263786
263789
263790
263845
263860
263872
263934
263959
264046
264133
264219
264306
264308
264393
264429
264446
264455
264479
264566
264600
264653
264740
264743
264826
264879
264913
264963
264977
265000
265087
265087
265173
265174
265207
265260
265285
265321
265336
265347
265404
265433
265433
265459
265520
265607
265632
265694
265698
265742
265780
265857
265867
265954
265962
265972
265983
266040
266066
266077
266115
266127
266136
266149
266214
266301
266387
266474
266560
266646
266647
266651
266734
266749
266785
266820
266907
266912
266987
266994
267024
267037
267080
267167
267222
267254
267341
267427
267514
267529
267601
267625
267688
267694
267707
267774
267783
267861
267893
267946
267948
268034
268066
268119
268121
268208
268294
268350
268381
268396
268443
268457
268468
268480
268554
268573
268595
268601
268636
268641
268649
268679
268728
268814
268901
268933
268982
268988
269074
269104
269129
269161
269247
269265
269331
269334
269378
269421
269478
269480
269495
269503
269508
269594
269680
269681
269711
269768
269818
269854
269899
269941
270017
270028
270057
270087
270114
270201
270287
270374
270461
270509
270547
270634
270721
270735
270807
270894
270924
270953
270953
270981
270993
271067
271154
271193
271241
271322
271327
271414
271500
271565
271570
271587
271674
271704
271749
271760
271834
271847
271882
271934
272021
272107
272112
272145
272147
272171
272194
272198
272281
272358
272367
272454
272469
272511
272541
272628
272670
272689
272714
272793
272801
272833
272851
272888
272894
272975
273050
273061
273062
273090
273148
273235
273273
273322
273380
273408
273495
273528
273581
273591
273646
273668
273689
273752
273755
273804
273841
273893
273928
273968
274015
274101
274188
274209
274275
274362
274412
274434
274441
274448
274512
274535
274572
274621
274696
274708
274795
274797
274881
274968
275044
275055
275099
275110
275116
275142
275211
275226
275228
275271
275279
275315
275338
275355
275402
275489
275507
275575
275631
275634
275662
275671
275749
275835
275922
275935
276009
276095
276182
276269
276292
276355
276442
276529
276534
276536
276615
276662
276702
276739
276788
276875
276934
276938
276962
277007
277049
277074
277104
277135
277184
277222
277296
277309
277327
277361
277395
277482
277514
277534
277569
277596
277614
277656
277716
277742
277759
277775
277812
277829
277868
277896
277915
277936
277949
277979
278002
278024
278089
278175
278262
278349
278412
278423
278436
278484
278491
278522
278551
278609
278645
278677
278696
278712
278722
278757
278783
278826
278845
278869
278946
278956
278989
279013
279035
279043
279060
279130
279190
279212
279216
279244
279273
279303
279390
279477
279505
279555
279560
279564
279611
279650
279680
279712
279737
279824
279872
279910
279959
279995
279997
280036
280084
280171
280245
280257
280344
280427
280431
280470
280518
280575
280576
280604
280634
280667
280691
280702
280778
280808
280864
280951
281038
281040
281125
281211
281252
281255
281260
281291
281297
281298
281315
281318
281385
281390
281471
281486
281511
281558
281595
281633
281645
281651
281693
281708
281731
281791
281818
281905
281933
281943
281992
282030
282050
282079
282095
282166
282253
282291
282315
282339
282392
282426
282502
282513
282599
282686
282687
282710
282773
282859
282937
282946
282964
283033
283045
283048
283049
283119
283206
283278
283293
283303
283319
283379
283405
283422
283466
283495
283526
283551
283553
283555
283640
283688
283726
283727
283763
283813
283827
283899
283929
283986
283987
284012
284073
284076
284159
284205
284246
284333
284390
284410
284420
284434
284482
284494
284506
284593
284641
284680
284723
284742
284757
284766
284853
284940
284989
285027
285114
285147
285201
285214
285227
285281
285287
285335
285374
285404
285406
285460
285475
285504
285547
285634
285720
285807
285894
285981
285994
286068
286154
286205
286213
286227
286233
286241
286328
286345
286358
286414
286477
286501
286587
286674
286713
286761
286825
286830
286830
286848
286896
286935
287021
287022
287056
287108
287164
287195
287202
287246
287252
287267
287282
287292
287328
287366
287369
287373
287417
287436
287450
287456
287485
287523
287542
287601
287629
287716
287732
287755
287777
287802
287840
287889
287976
288021
288062
288149
288236
288251
288322
288409
288496
288506
288541
288582
288669
288748
288755
288842
288929
288963
288983
288991
289015
289102
289145
289189
289251
289276
289304
289363
289427
289449
289531
289536
289604
289623
289710
289797
289813
289883
289941
289941
289951
289970
290031
290057
290088
290139
290142
290143
290182
290193
290230
290241
290261
290300
290317
290404
290410
290452
290475
290490
290505
290577
290663
290724
290750
290759
290764
290837
290861
290890
290924
290924
290971
291011
291042
291043
291097
291131
291184
291270
291336
291357
291416
291444
291531
291559
291568
291618
291619
291704
291766
291791
291795
291877
291911
291914
291964
291977
292018
292032
292051
292137
292168
292221
292224
292262
292302
292311
292380
292389
292397
292484
292524
292571
292596
292649
292658
292695
292744
292831
292843
292917
292919
292982
293004
293091
293092
293177
293178
293235
293264
293282
293351
293438
293496
293524
293529
293611
293698
293727
293784
293871
293889
293945
293958
293983
294045
294132
294218
294305
294337
294392
294479
294565
294595
294652
294663
294739
294825
294912
294928
294932
294972
294981
294985
294999
295036
295086
295167
295172
295175
295259
295288
295315
295318
295346
295432
295519
295581
295606
295692
295780
295817
295865
295866
295903
295904
295947
295953
296004
296040
296126
296157
296176
296213
296252
296300
296373
296386
296473
296477
296560
296610
296647
296728
296733
296791
296820
296907
296994
297041
297077
297080
297167
297254
297341
297416
297428
297472
297514
297601
297630
297650
297688
297775
297804
297834
297861
297948
298001
298034
298121
298190
298208
298212
298241
298295
298368
298382
298468
298474
298555
298642
298669
298696
298729
298765
298797
298815
298879
298902
298988
299019
299075
299100
299162
299236
299249
299286
299325
299334
299336
299346
299397
299415
299422
299449
299483
299509
299510
299556
299596
299624
299628
299671
299672
299682
299732
299769
299830
299831
299839
299856
299894
299942
299943
300029
300115
300128
300183
300202
300232
300289
300375
300400
300462
300549
300565
300636
300659
300674
300679
300687
300718
300722
300809
300896
300968
300982
301005
301069
301156
301243
301263
301281
301329
301333
301416
301473
301495
301503
301565
301589
301659
301665
301676
301760
301763
301837
301850
301936
302023
302110
302140
302197
302224
302247
302266
302283
302370
302454
302457
302521
302544
302630
302634
302717
302804
302890
302969
302970
302977
302985
302990
303064
303151
303238
303296
303324
303411
303498
303517
303542
303543
303585
303671
303674
303704
303758
303845
303906
303931
303996
304018
304036
304100
304104
304191
304224
304250
304270
304278
304365
304426
304451
304469
304538
304600
304625
304643
304711
304742
304742
304746
304798
304872
304885
304971
305002
305031
305051
305058
305084
305145
305231
305318
305380
305380
305404
305485
305491
305548
305550
305575
305578
305664
305751
305785
305831
305838
305903
305924
306011
306098
306132
306180
306184
306193
306267
306271
306322
306328
306339
306355
306358
306381
306405
306445
306517
306531
306618
306656
306705
306722
306782
306783
306792
306820
306878
306939
306965
307043
307052
307087
307138
307151
307164
307225
307255
307312
307398
307409
307485
307515
307546
307572
307577
307658
307745
307768
307832
307918
307989
307998
308005
308077
308092
308178
308199
308265
308352
308362
308392
308438
308525
308611
308698
308785
308871
308931
308958
308997
309015
309045
309132
309190
309218
309246
309305
309344
309388
309392
309460
309462
309479
309483
309565
309575
309652
309734
309738
309739
309782
309825
309836
309847
309912
309952
309999
310085
310097
310116
310126
310172
310231
310259
310345
310429
310432
310448
310519
310544
310545
310561
310605
310692
310778
310804
310865
310952
310985
311038
311125
311131
311212
311262
311298
311385
311472
311558
311588
311594
311645
311695
311732
311739
311818
311905
311986
311992
312003
312054
312066
312079
312106
312117
312165
312183
312252
312338
312425
312430
312463
312500
312512
312598
312642
312662
312685
312772
312799
312858
312945
312962
313032
313119
313124
313199
313205
313235
313275
313292
313314
313379
313420
313424
313465
313517
313552
313623
313639
313703
313726
313760
313768
313784
313803
313812
313825
313899
313986
314016
314024
314072
314142
314159
314207
314214
314246
314309
314332
314419
314506
314568
314592
314679
314680
314766
314793
314825
314852
314939
315025
315046
315112
315148
315199
315247
315285
315335
315372
315459
315510
315545
315632
315719
315757
315780
315806
315836
315843
315881
315892
315979
316051
316058
316065
316075
316093
316098
316152
316183
316229
316239
316265
316275
316306
316326
316371
316371
316413
316499
316561
316586
316648
316673
316735
316759
316822
316846
316928
316933
316995
317020
317078
317098
317106
317174
317176
317193
317210
317242
317252
317280
317310
317366
317453
317521
317540
317602
317626
317665
317703
317713
317775
317782
317799
317847
317873
317886
317887
317973
318022
318059
318120
318146
318159
318233
318257
318319
318406
318436
318447
318464
318493
318580
318658
318666
318669
318753
318773
318785
318799
318803
318839
318906
318926
319013
319072
319100
319177
319186
319187
319273
319275
319309
319317
319360
319446
319533
319595
319620
319668
319706
319710
319793
319827
319879
319965
319966
320053
320140
320226
320240
320313
320395
320400
320425
320486
320524
320573
320621
320660
320685
320705
320747
320785
320833
320835
320920
320933
320933
320942
321007
321037
321055
321093
321180
321240
321267
321354
321378
321430
321440
321527
321556
321581
321582
321592
321615
321701
321701
321770
321775
321788
321844
321875
321886
321906
321913
321961
321986
321987
322048
322068
322135
322154
322214
322221
322225
322262
322308
322392
322395
322481
322519
322568
322650
322655
322690
322741
322828
322915
322971
322973
323001
323088
323174
323261
323278
323348
323429
323430
323434
323517
323521
323572
323608
323695
323781
323783
323868
323925
323942
323955
324028
324036
324041
324128
324133
324155
324196
324215
324266
324299
324301
324381
324388
324428
324465
324475
324562
324612
324637
324648
324735
324782
324822
324867
324897
324907
324909
324990
324995
324995
325082
325111
325156
325168
325238
325255
325289
325342
325385
325428
325515
325596
325602
325621
325670
325674
325688
325775
325792
325812
325862
325926
325936
325948
326001
326035
326065
326080
326122
326208
326238
326295
326365
326381
326458
326468
326555
326617
326641
326684
326703
326728
326815
326901
326937
326988
327017
327075
327161
327248
327299
327306
327335
327421
327508
327595
327668
327672
327682
327687
327714
327768
327807
327855
327942
327942
328005
328028
328077
328100
328115
328202
328264
328278
328288
328317
328375
328462
328548
328571
328585
328621
328635
328722
328789
328808
328847
328895
328935
328981
329068
329073
329155
329177
329241
329262
329328
329408
329415
329502
329560
329589
329675
329726
329743
329762
329766
329849
329879
329935
329936
330022
330108
330136
330195
330282
330346
330369
330419
330456
330542
330629
330636
330667
330716
330802
330861
330889
330909
330912
330965
330976
330989
331000
331062
331109
331149
331181
331194
331236
331268
331322
331373
331404
331409
331496
331554
331582
331620
331669
331691
331755
331772
331780
331788
331842
331855
331929
331991
332015
332102
332189
332275
332296
332362
332380
332449
332523
332535
332561
332622
332709
332771
332795
332805
332857
332882
332958
332968
333026
333050
333055
333142
333228
333315
333330
333331
333395
333402
333420
333436
333488
333570
333571
333575
333608
333662
333701
333744
333748
333810
333835
333853
333865
333922
333977
334006
334009
334077
334080
334095
334132
334143
334154
334182
334244
334269
334307
334355
334381
334442
334529
334615
334702
334789
334803
334875
334962
335049
335079
335136
335199
335222
335248
335309
335339
335396
335398
335433
335471
335483
335512
335513
335569
335656
335676
335691
335705
335735
335743
335780
335807
335820
335830
335840
335916
335962
336003
336050
336090
336115
336177
336263
336322
336350
336364
336437
336475
336493
336523
336610
336642
336697
336716
336725
336737
336783
336852
336870
336957
337043
337072
337101
337126
337130
337216
337238
337303
337347
337352
337390
337441
337464
337476
337537
337563
337590
337622
337640
337650
337690
337736
337740
337823
337910
337996
338022
338065
338083
338099
338169
338182
338201
338208
338233
338256
338287
338343
338348
338360
338429
338436
338516
338603
338633
338689
338703
338776
338793
338806
338863
338925
338949
338996
339036
339075
339112
339123
339197
339209
339232
339259
339296
339383
339469
339508
339517
339544
339556
339643
339670
339729
339816
339859
339903
339952
339989
340059
340076
340093
340163
340198
340250
340254
340255
340278
340311
340336
340415
340423
340474
340509
340584
340596
340683
340707
340713
340769
340841
340856
340943
341029
341103
341113
341116
341155
341169
341203
341203
341289
341355
341376
341463
341473
341476
341537
341550
341634
341637
341724
341810
341842
341869
341873
341897
341983
341984
342066
342070
342157
342206
342243
342330
342369
342379
342392
342412
342417
342422
342503
342507
342541
342590
342676
342677
342709
342763
342788
342850
342912
342937
343023
343077
343110
343167
343197
343284
343298
343370
343404
343457
343544
343590
343593
343609
343626
343630
343692
343717
343754
343803
343862
343890
343921
343936
343949
343952
343977
344039
344059
344063
344134
344150
344209
344237
344319
344323
344410
344442
344497
344527
344565
344583
344653
344670
344756
344843
344922
344930
344951
344953
344965
345016
345045
345055
345085
345096
345103
345158
345190
345236
345276
345363
345450
345454
345537
345537
345623
345669
345710
345781
345797
345859
345883
345932
345970
346057
346143
346158
346174
346196
346230
346317
346320
346375
346403
346490
346577
346663
346750
346837
346923
346925
347010
347097
347183
347234
347270
347299
347307
347356
347357
347383
347418
347443
347468
347527
347530
347533
347617
347618
347621
347703
347749
347790
347793
347815
347877
347963
348050
348053
348137
348150
348163
348223
348310
348356
348397
348483
348570
348656
348728
348743
348763
348791
348830
348916
348977
349003
349090
349177
349223
349263
349350
349400
349436
349436
349437
349514
349523
349610
349635
349654
349669
349697
349771
349779
349783
349854
349857
349870
349881
349908
349957
349995
350022
350043
350130
350156
350179
350189
350217
350250
350303
350390
350477
350564
350566
350601
350617
350651
350732
350734
350737
350799
350821
350824
350828
350911
350949
350969
350997
351029
351084
351128
351171
351252
351258
351309
351344
351382
351405
351431
351518
351604
351686
351691
351748
351777
351852
351864
351943
351951
351991
352038
352119
352121
352124
352211
352298
352384
352390
352433
352471
352531
352540
352558
352617
352622
352645
352731
352747
352748
352807
352807
352818
352905
352917
352991
353078
353082
353084
353123
353152
353165
353239
353251
353276
353278
353338
353368
353425
353511
353598
353636
353685
353753
353771
353842
353858
353911
353937
353945
354019
354031
354080
354109
354118
354182
354205
354291
354368
354378
354412
354417
354459
354465
354481
354495
354552
354580
354590
354638
354699
354700
354713
354725
354787
354812
354898
354970
354985
355049
355072
355110
355159
355208
355232
355245
355332
355419
355505
355592
355598
355625
355679
355756
355765
355827
355852
355853
355891
355901
355903
355939
356025
356112
356116
356150
356199
356271
356285
356372
356411
356459
356506
356546
356632
356664
356719
356806
356809
356881
356893
356951
356979
357016
357026
357066
357146
357153
357239
357243
357260
357326
357326
357383
357413
357417
357499
357529
357586
357656
357673
357759
357764
357834
357841
357846
357933
357940
358006
358019
358106
358193
358279
358317
358366
358398
358453
358485
358529
358533
358539
358626
358665
358672
358712
358726
358799
358881
358886
358918
358936
358973
359009
359010
359060
359146
359216
359233
359320
359349
359406
359493
359580
359612
359666
359753
359779
359840
359842
359853
359902
359926
359992
360000
360013
360046
360100
360133
360186
360273
360290
360291
360312
360326
360355
360360
360390
360446
360530
360533
360539
360620
360699
360707
360793
360832
360880
360914
360955
360966
361053
361140
361147
361226
361313
361328
361352
361397
361400
361486
361549
361573
361611
361641
361660
361708
361746
361782
361833
361920
361943
361958
361968
362007
362055
362093
362180
362239
362244
362267
362330
362353
362375
362415
362440
362527
362613
362639
362651
362700
362730
362787
362802
362866
362874
362876
362942
362960
363033
363036
363047
363077
363133
363147
363220
363240
363260
363264
363307
363356
363394
363420
363480
363567
363577
363605
363626
363654
363720
363740
363742
363773
363827
363873
363914
363936
363961
363962
364000
364087
364126
364150
364173
364191
364260
364347
364379
364407
364434
364490
364520
364534
364550
364607
364607
364693
364709
364755
364780
364808
364848
364858
364867
364954
364976
365040
365062
365070
365090
365127
365214
365251
365298
365300
365375
365387
365388
365434
365474
365544
365560
365584
365647
365659
365734
365820
365843
365907
365994
366020
366027
366080
366105
366167
366254
366283
366340
366361
366402
366427
366443
366513
366563
366579
366600
366687
366773
366860
366884
366947
367033
367040
367046
367085
367096
367120
367150
367207
367222
367293
367315
367380
367466
367553
367630
367640
367727
367813
367900
367948
367987
368062
368074
368075
368112
368149
368160
368187
368196
368247
368301
368334
368363
368403
368421
368467
368486
368507
368553
368594
368680
368767
368854
368940
368955
369027
369084
369089
369107
369109
369114
369165
369200
369281
369287
369351
369362
369374
369443
369461
369491
369505
369547
369595
369634
369673
369685
369720
369729
369792
369794
369807
369894
369895
369952
369980
369991
370030
370067
370070
370154
370174
370240
370315
370325
370327
370414
370500
370587
370621
370673
370760
370847
370933
371016
371020
371027
371107
371194
371280
371338
371367
371405
371454
371531
371540
371601
371627
371675
371714
371718
371800
371887
371974
372037
372041
372061
372122
372147
372234
372320
372329
372377
372407
372494
372556
372580
372601
372638
372667
372750
372754
372840
372927
373014
373076
373100
373169
373187
373218
373269
373274
373319
373328
373360
373392
373419
373447
373534
373592
373620
373651
373707
373746
373755
373794
373799
373858
373880
373961
373967
373972
373983
374054
374090
374140
374227
374314
374352
374378
374400
374487
374573
374660
374747
374793
374834
374834
374857
374920
374977
375007
375094
375095
375126
375139
375143
375180
375216
375267
375278
375303
375328
375346
375355
375441
375471
375472
375528
375530
375531
375558
375614
375660
375691
375701
375753
375788
375874
375889
375936
375961
375996
375998
376048
376082
376087
376134
376218
376221
376308
376333
376337
376394
376481
376568
376654
376658
376679
376719
376741
376775
376828
376915
377001
377019
377034
377088
377105
377175
377262
377274
377275
377282
377309
377314
377331
377348
377406
377430
377435
377474
377522
377608
377691
377692
377695
377726
377781
377855
377868
377955
378005
378023
378041
378081
378128
378137
378215
378275
378275
378299
378301
378318
378366
378388
378435
378475
378550
378561
378648
378687
378735
378797
378806
378821
378859
378908
378934
378957
378994
379081
379081
379119
379168
379254
379306
379320
379341
379395
379428
379514
379550
379598
379601
379688
379726
379774
379833
379861
379948
379959
380034
380116
380121
380126
380208
380218
380247
380282
380295
380330
380343
380381
380463
380468
380555
380561
380641
380728
380815
380872
380889
380898
380901
380988
381023
381075
381161
381231
381248
381297
381335
381410
381422
381508
381537
381595
381681
381757
381768
381841
381848
381851
381855
381882
381905
381931
381941
382015
382028
382058
382076
382115
382201
382288
382293
382354
382375
382402
382420
382461
382548
382634
382665
382684
382702
382705
382721
382808
382894
382952
382981
383068
383090
383154
383204
383241
383307
383328
383396
383414
383486
383501
383542
383588
383597
383674
383761
383818
383847
383865
383934
383950
383958
383964
384021
384108
384109
384166
384169
384184
384194
384214
384281
384285
384301
384336
384343
384368
384385
384397
384454
384462
384536
384541
384628
384714
384801
384852
384888
384893
384921
384950
384974
385061
385148
385225
385234
385236
385311
385321
385370
385372
385408
385445
385494
385567
385581
385620
385668
385678
385754
385841
385928
385954
386014
386036
386041
386073
386075
386101
386188
386274
386280
386310
386313
386361
386448
386509
386535
386621
386647
386708
386720
386795
386851
386858
386882
386886
386913
386955
386968
386988
387017
387055
387066
387075
387114
387142
387195
387228
387315
387390
387402
387407
387410
387434
387488
387534
387575
387612
387645
387662
387748
387835
387902
387912
387922
388003
388009
388095
388182
388257
388268
388301
388306
388341
388355
388368
388442
388499
388528
388570
388611
388615
388641
388702
388732
388788
388837
388854
388875
388908
388937
388962
389048
389050
389135
389162
389195
389222
389249
389308
389327
389382
389395
389434
389482
389566
389568
389655
389723
389742
389807
389829
389879
389904
389915
389994
390002
390019
390061
390089
390170
390176
390262
390287
390313
390349
390378
390388
390435
390519
390522
390540
390609
390646
390695
390701
390782
390813
390830
390869
390937
390955
390990
391042
391081
391129
391215
391300
391302
391365
391388
391475
391562
391645
391648
391677
391735
391822
391843
391859
391908
391995
392021
392026
392057
392082
392168
392255
392342
392428
392459
392515
392561
392601
392677
392688
392728
392775
392861
392882
392948
393035
393045
393114
393121
393160
393171
393172
393208
393220
393246
393295
393354
393357
393381
393383
393468
393549
393555
393641
393728
393790
393815
393818
393860
393901
393940
393965
393988
394075
394129
394161
394248
394334
394400
394421
394477
394508
394537
394594
394651
394681
394682
394763
394768
394825
394854
394882
394941
394944
395021
395028
395114
395183
395201
395229
395288
395309
395318
395338
395374
395389
395409
395461
395491
395499
395548
395634
395721
395736
395783
395808
395892
395894
395981
396068
396154
396189
396191
396241
396264
396328
396389
396409
396414
396501
396588
396621
396675
396700
396704
396736
396761
396844
396848
396935
397021
397083
397108
397124
397195
397212
397282
397368
397374
397455
397493
397542
397628
397637
397674
397715
397723
397761
397802
397850
397889
397975
398062
398077
398109
398148
398191
398201
398206
398235
398322
398349
398409
398465
398495
398582
398652
398669
398755
398785
398842
398929
399012
399015
399102
399188
399250
399275
399324
399362
399413
399448
399457
399500
399535
399622
399691
399708
399771
399795
399841
399882
399912
399930
399968
400007
400010
400029
400055
400142
400155
400177
400193
400228
400269
400315
400401
400455
400488
400489
400575
400585
400647
400662
400723
400748
400835
400914
400922
401009
401040
401083
401093
401096
401097
401157
401182
401269
401356
401405
401443
401529
401541
401616
401648
401661
401703
401741
401769
401790
401870
401876
401963
401976
402045
402050
402112
402136
402223
402277
402299
402309
402314
402318
402372
402396
402455
402483
402569
402656
402718
402743
402829
402916
402947
403003
403086
403089
403176
403227
403235
403246
403263
403322
403349
403417
403436
403481
403523
403555
403558
403562
403610
403696
403721
403783
403806
403870
403875
403956
403993
404043
404058
404077
404130
404143
404216
404229
404247
404303
404307
404375
404390
404476
404563
404616
404649
404670
404736
404823
404837
404848
404909
404996
405042
405083
405169
405180
405256
405343
405429
405516
405602
405605
405633
405635
405689
405776
405779
405863
405950
406036
406098
406123
406165
406169
406200
406202
406210
406242
406296
406383
406414
406416
406436
406470
406556
406559
406640
406643
406680
406730
406816
406831
406903
406928
406990
407077
407080
407102
407139
407163
407250
407250
407295
407312
407319
407336
407423
407438
407448
407452
407502
407510
407510
407596
407622
407683
407698
407725
407751
407770
407805
407856
407891
407943
408030
408053
408068
408078
408088
408116
408121
408203
408209
408257
408290
408327
408344
408348
408376
408463
408498
408550
408567
408626
408636
408723
408810
408896
408983
409019
409070
409156
409195
409243
409330
409340
409347
409354
409416
409455
409503
409506
409562
409590
409677
409763
409813
409814
409850
409875
409899
409929
409937
409970
409974
410023
410110
410155
410192
410197
410212
410281
410284
410322
410337
410370
410429
410457
410543
410582
410630
410683
410717
410792
410803
410814
410842
410890
410977
411004
411025
411063
411102
411111
411138
411150
411155
411160
411169
411231
411232
411237
411285
411323
411410
411497
411583
411670
411727
411757
411843
411930
412017
412103
412135
412179
412190
412277
412363
412395
412450
412456
412535
412537
412583
412623
412710
412797
412872
412883
412891
412924
412970
413038
413049
413057
413143
413171
413230
413317
413404
413477
413490
413520
413541
413577
413622
413661
413664
413750
413809
413837
413923
413999
414010
414097
414146
414183
414184
414270
414297
414357
414434
414443
414530
414617
414703
414720
414762
414790
414820
414877
414963
415025
415050
415109
415137
415223
415285
415310
415374
415397
415483
415537
415545
415570
415599
415608
415657
415658
415672
415743
415825
415830
415856
415916
416003
416090
416096
416176
416263
416350
416436
416523
416561
416574
416610
416691
416697
416783
416788
416869
416870
416922
416957
417043
417130
417217
417303
417390
417473
417477
417556
417564
417640
417650
417737
417793
417824
417852
417854
417910
417997
418083
418119
418170
418234
418257
418299
418343
418430
418517
418522
418540
418587
418604
418626
418690
418720
418777
418797
418797
418863
418923
418950
418983
419037
419123
419131
419210
419244
419256
419297
419302
419383
419470
419557
419600
419643
419711
419730
419767
419783
419807
419813
419816
419893
419903
419936
419990
420046
420076
420163
420183
420250
420336
420410
420423
420510
420540
420591
420596
420667
420683
420770
420809
420834
420856
420883
420943
420998
421029
421098
421116
421140
421203
421289
421294
421328
421376
421463
421491
421544
421550
421637
421712
421723
421782
421810
421869
421889
421897
421930
421983
422057
422070
422157
422243
422326
422330
422335
422417
422503
422521
422590
422591
422628
422668
422677
422727
422763
422778
422850
422898
422937
423023
423060
423110
423149
423178
423197
423260
423284
423370
423457
423491
423544
423630
423668
423692
423717
423804
423825
423869
423891
423978
424064
424151
424175
424180
424181
424215
424238
424299
424324
424411
424421
424465
424487
424489
424498
424515
424531
424584
424623
424631
424664
424671
424758
424801
424817
424844
424931
424990
424991
425018
425093
425104
425191
425206
425209
425266
425278
425364
425451
425471
425488
425538
425541
425625
425711
425741
425743
425798
425853
425884
425908
425946
425971
426058
426127
426133
426145
426231
426278
426318
426378
426404
426426
426489
426491
426569
426576
426578
426585
426607
426664
426676
426751
426771
426838
426912
426925
426949
426953
427011
427098
427185
427271
427302
427358
427413
427421
427445
427522
427531
427557
427616
427618
427633
427705
427724
427770
427791
427815
427878
427901
427965
428051
428138
428151
428225
428226
428229
428287
428312
428321
428337
428339
428374
428398
428485
428572
428646
428658
428735
428745
428784
428832
428874
428918
428925
429005
429092
429179
429190
429227
429235
429266
429352
429439
429477
429504
429525
429602
429612
429699
429703
429718
429786
429813
429824
429829
429872
429942
429959
430017
430020
430021
430046
430091
430133
430183
430219
430306
430368
430393
430479
430566
430635
430652
430739
430742
430826
430847
430912
430999
431007
431030
431038
431080
431086
431172
431259
431307
431341
431346
431432
431510
431519
431575
431605
431692
431779
431780
431789
431865
431952
432001
432039
432051
432085
432094
432126
432152
432166
432212
432284
432299
432309
432386
432387
432447
432473
432491
432559
432595
432646
432687
432732
432819
432824
432830
432835
432836
432850
432903
432906
432971
432992
433062
433067
433079
433087
433111
433165
433166
433252
433263
433339
433426
433431
433512
433584
433599
433686
433721
433744
433772
433800
433848
433859
433945
433959
433959
434032
434119
434122
434186
434198
434205
434292
434306
434379
434410
434422
434461
434465
434488
434552
434602
434633
434639
434647
434725
434732
434734
434758
434765
434812
434828
434887
434899
434913
434969
434985
434994
435029
435072
435115
435159
435245
435332
435419
435449
435480
435506
435517
435568
435592
435603
435604
435679
435680
435766
435829
435853
435878
435898
435935
435939
435973
436026
436112
436151
436198
436199
436254
436286
436345
436372
436459
436490
436546
436612
436632
436642
436668
436676
436719
436800
436803
436806
436892
436937
436979
437066
437116
437120
437152
437195
437212
437228
437239
437326
437407
437407
437412
437434
437494
437499
437586
437588
437651
437672
437725
437739
437759
437846
437885
437900
437932
437997
438019
438080
438081
438106
438138
438155
438192
438260
438279
438279
438301
438366
438384
438453
438518
438539
438580
438587
438611
438626
438713
438799
438858
438886
438915
438973
438980
438988
439059
439146
439233
439248
439319
439406
439419
439471
439493
439528
439557
439576
439580
439618
439666
439674
439687
439753
439839
439926
439931
439968
439978
440013
440057
440100
440106
440141
440147
440180
440186
440248
440254
440273
440359
440427
440446
440533
440619
440680
440681
440706
440747
440788
440793
440797
440879
440943
440966
441009
441039
441053
441073
441139
441151
441226
441230
441276
441313
441368
441388
441390
441399
441486
441519
441549
441570
441572
441659
441693
441746
441797
441807
441820
441832
441919
441922
442006
442012
442020
442093
442179
442266
442292
442353
442439
442526
442601
442612
442638
442661
442699
442749
442786
442821
442872
442942
442959
443046
443113
443122
443122
443132
443168
443219
443306
443322
443392
443414
443479
443566
443580
443653
443740
443801
443826
443913
443994
444000
444087
444173
444185
444206
444234
444260
444266
444347
444349
444423
444433
444520
444607
444693
444698
444748
444780
444825
444852
444853
444867
444953
444980
445040
445127
445192
445214
445301
445305
445337
445387
445474
445527
445530
445561
445647
445657
445706
445718
445734
445820
445907
445915
445968
445994
446080
446133
446167
446234
446254
446261
446340
446427
446509
446514
446549
446600
446666
446687
446725
446774
446861
446933
446948
446966
447013
447034
447048
447050
447104
447121
447208
447240
447294
447381
447468
447555
447564
447642
447715
447728
447815
447819
447902
447979
447989
448031
448075
448100
448162
448163
448168
448231
448249
448335
448422
448453
448508
448528
448545
448595
448682
448751
448768
448773
448855
448942
449023
449028
449115
449202
449227
449258
449289
449375
449413
449462
449549
449619
449621
449635
449696
449722
449809
449895
449982
450069
450156
450201
450242
450243
450314
450330
450416
450503
450590
450655
450676
450714
450763
450778
450834
450850
450860
450879
450936
451023
451110
451147
451196
451283
451370
451398
451456
451543
451571
451629
451697
451716
451747
451751
451770
451803
451883
451890
451923
451929
451976
452063
452083
452147
452150
452158
452236
452323
452329
452405
452410
452412
452476
452496
452583
452670
452680
452683
452757
452819
452843
452930
452984
453017
453103
453190
453264
453277
453364
453450
453537
453624
453710
453797
453884
453896
453970
454057
454077
454144
454205
454230
454317
454403
454490
454577
454605
454613
454664
454679
454750
454757
454782
454837
454924
455010
455056
455097
455184
455232
455269
455270
455290
455357
455444
455530
455617
455704
455777
455790
455877
455964
456050
456137
456224
456311
456360
456380
456397
456451
456484
456571
456658
456744
456831
456917
457004
457091
457178
457264
457351
457437
457524
457611
457698
457784
457871
457958
458045
458131
458218
458305
458391
458478
458565
458600
458651
458738
458825
458912
458999
459054
459085
459172
459259
459345
459432
459518
459605
459692
459699
459779
459865
459952
460038
460125
460212
460298
460385
460472
460558
460645
460732
460818
460905
460992
461078
461141
461165
461252
461339
461425
461435
461512
461599
461685
461772
461859
461945
462032
462119
462205
462292
462379
462465
462552
462639
462725
462812
462898
462923
462985
463072
463158
463245
463315
463332
463418
463505
463592
463678
463765
463852
463938
464025
464111
464198
464285
464371
464458
464545
464631
464718
464805
464891
464978
465064
465151
465238
465324
465411
465498
465584
465671
465758
465844
465867
465931
466018
466104
466191
466277
466364
466443
466451
466537
466624
466711
466797
466884
466971
467057
467144
467231
467317
467404
467490
467577
467664
467750
467837
467924
468010
468097
468184
468270
468357
468443
468530
468617
468703
468790
468877
468960
468963
469050
469137
469223
469310
469313
469397
469483
469487
469570
469656
469743
469830
469916
470003
470090
470176
470263
470350
470436
470523
470600
470610
470696
470783
470869
470956
471043
471129
471216
471303
471377
471389
471476
471563
471649
471736
471823
471909
471996
472082
472169
472256
472342
472429
472516
472602
472689
472776
472862
472949
473035
473122
473209
473295
473382
473469
473555
473642
473729
473815
473902
473989
474075
474162
474248
474335
474422
474508
474595
474682
474768
474855
474942
475028
475115
475202
475288
475375
475461
475548
475635
475721
475808
475895
475981
476068
476155
476241
476328
476414
476501
476588
476674
476761
476848
476934
477021
477108
477194
477281
477368
477454
477541
477627
477714
477801
477887
477974
478061
478147
478234
478321
478407
478494
478581
478667
478754
478840
478927
479014
479100
479187
479274
479360
479447
479482
479534
479620
479707
479793
479880
479909
479967
480053
480140
480227
480255
480313
480400
480487
480573
480660
480747
480833
480920
481006
481093
481180
481266
481353
481440
481526
481613
481700
481786
481873
481960
482046
482133
482219
482306
482393
482479
482566
482653
482739
482826
482913
482999
483074
483086
483172
483259
483346
483432
483519
483606
483692
483779
483866
483952
483966
484039
484126
484212
484225
484299
484385
484472
484559
484645
484732
484819
484905
484992
485079
485165
485252
485339
485425
485512
485598
